Assembler report for ur_ear_fpga_sim_audioblade
Wed Dec 02 08:42:19 2020
Quartus Prime Version 18.0.0 Build 614 04/24/2018 SJ Standard Edition


---------------------
; Table of Contents ;
---------------------
  1. Legal Notice
  2. Assembler Summary
  3. Assembler Settings
  4. Assembler Generated Files
  5. Assembler Device Options: D:/NIH3Repo/simulink_models/models/ur_ear_fpga/hdlsrc/ur_ear_fpga_sim/quartus/output_files/ur_ear_fpga_sim_audioblade.sof
  6. Assembler Messages



----------------
; Legal Notice ;
----------------
Copyright (C) 2018  Intel Corporation. All rights reserved.
Your use of Intel Corporation's design tools, logic functions 
and other software and tools, and its AMPP partner logic 
functions, and any output files from any of the foregoing 
(including device programming or simulation files), and any 
associated documentation or information are expressly subject 
to the terms and conditions of the Intel Program License 
Subscription Agreement, the Intel Quartus Prime License Agreement,
the Intel FPGA IP License Agreement, or other applicable license
agreement, including, without limitation, that your use is for
the sole purpose of programming logic devices manufactured by
Intel and sold by Intel or its authorized distributors.  Please
refer to the applicable agreement for further details.



+---------------------------------------------------------------+
; Assembler Summary                                             ;
+-----------------------+---------------------------------------+
; Assembler Status      ; Successful - Wed Dec 02 08:42:19 2020 ;
; Revision Name         ; ur_ear_fpga_sim_audioblade            ;
; Top-level Entity Name ; Audioblade                            ;
; Family                ; Arria 10                              ;
; Device                ; 10AS066H2F34I1HG                      ;
+-----------------------+---------------------------------------+


+----------------------------------+
; Assembler Settings               ;
+--------+---------+---------------+
; Option ; Setting ; Default Value ;
+--------+---------+---------------+


+---------------------------------------------------------------------------------------------------------------------------+
; Assembler Generated Files                                                                                                 ;
+---------------------------------------------------------------------------------------------------------------------------+
; File Name                                                                                                                 ;
+---------------------------------------------------------------------------------------------------------------------------+
; D:/NIH3Repo/simulink_models/models/ur_ear_fpga/hdlsrc/ur_ear_fpga_sim/quartus/output_files/ur_ear_fpga_sim_audioblade.sof ;
+---------------------------------------------------------------------------------------------------------------------------+


+-----------------------------------------------------------------------------------------------------------------------------------------------------+
; Assembler Device Options: D:/NIH3Repo/simulink_models/models/ur_ear_fpga/hdlsrc/ur_ear_fpga_sim/quartus/output_files/ur_ear_fpga_sim_audioblade.sof ;
+----------------+------------------------------------------------------------------------------------------------------------------------------------+
; Option         ; Setting                                                                                                                            ;
+----------------+------------------------------------------------------------------------------------------------------------------------------------+
; JTAG usercode  ; 0xFFFFFFFF                                                                                                                         ;
; Checksum       ; 0x1CF1846E                                                                                                                         ;
+----------------+------------------------------------------------------------------------------------------------------------------------------------+


+--------------------+
; Assembler Messages ;
+--------------------+
Info: *******************************************************************
Info: Running Quartus Prime Assembler
    Info: Version 18.0.0 Build 614 04/24/2018 SJ Standard Edition
    Info: Processing started: Wed Dec 02 08:41:41 2020
Info: Command: quartus_asm --read_settings_files=off --write_settings_files=off ur_ear_fpga_sim -c ur_ear_fpga_sim_audioblade
Warning (18236): Number of processors has not been specified which may cause overloading on shared machines.  Set the global assignment NUM_PARALLEL_PROCESSORS in your QSF to an appropriate value for best performance.
Info: Quartus Prime Assembler was successful. 0 errors, 1 warning
    Info: Peak virtual memory: 9088 megabytes
    Info: Processing ended: Wed Dec 02 08:42:20 2020
    Info: Elapsed time: 00:00:39
    Info: Total CPU time (on all processors): 00:00:38


