Flow report for ur_ear_fpga_sim_audioblade
Wed Dec 02 08:43:32 2020
Quartus Prime Version 18.0.0 Build 614 04/24/2018 SJ Standard Edition


---------------------
; Table of Contents ;
---------------------
  1. Legal Notice
  2. Flow Summary
  3. Flow Settings
  4. Flow Non-Default Global Settings
  5. Flow Elapsed Time
  6. Flow OS Summary
  7. Flow Log
  8. Flow Messages
  9. Flow Suppressed Messages



----------------
; Legal Notice ;
----------------
Copyright (C) 2018  Intel Corporation. All rights reserved.
Your use of Intel Corporation's design tools, logic functions 
and other software and tools, and its AMPP partner logic 
functions, and any output files from any of the foregoing 
(including device programming or simulation files), and any 
associated documentation or information are expressly subject 
to the terms and conditions of the Intel Program License 
Subscription Agreement, the Intel Quartus Prime License Agreement,
the Intel FPGA IP License Agreement, or other applicable license
agreement, including, without limitation, that your use is for
the sole purpose of programming logic devices manufactured by
Intel and sold by Intel or its authorized distributors.  Please
refer to the applicable agreement for further details.



+-------------------------------------------------------------------------------+
; Flow Summary                                                                  ;
+-----------------------------+-------------------------------------------------+
; Flow Status                 ; Successful - Wed Dec 02 08:42:19 2020           ;
; Quartus Prime Version       ; 18.0.0 Build 614 04/24/2018 SJ Standard Edition ;
; Revision Name               ; ur_ear_fpga_sim_audioblade                      ;
; Top-level Entity Name       ; Audioblade                                      ;
; Family                      ; Arria 10                                        ;
; Device                      ; 10AS066H2F34I1HG                                ;
; Timing Models               ; Final                                           ;
; Logic utilization (in ALMs) ; 10,596 / 251,680 ( 4 % )                        ;
; Total registers             ; 19887                                           ;
; Total pins                  ; 422 / 604 ( 70 % )                              ;
; Total virtual pins          ; 0                                               ;
; Total block memory bits     ; 537,280 / 43,642,880 ( 1 % )                    ;
; Total DSP Blocks            ; 0 / 1,687 ( 0 % )                               ;
; Total HSSI RX channels      ; 0 / 24 ( 0 % )                                  ;
; Total HSSI TX channels      ; 0 / 24 ( 0 % )                                  ;
; Total PLLs                  ; 8 / 64 ( 13 % )                                 ;
+-----------------------------+-------------------------------------------------+


+------------------------------------------------+
; Flow Settings                                  ;
+-------------------+----------------------------+
; Option            ; Setting                    ;
+-------------------+----------------------------+
; Start date & time ; 12/02/2020 08:30:45        ;
; Main task         ; Compilation                ;
; Revision Name     ; ur_ear_fpga_sim_audioblade ;
+-------------------+----------------------------+


+-------------------------------------------------------------------------------------------------------------------------------------------------------------------------------------------------------------------------------+
; Flow Non-Default Global Settings                                                                                                                                                                                              ;
+-------------------------------------+----------------------------------------------------------------------------+----------------------------+------------------------------------------------------------------+------------+
; Assignment Name                     ; Value                                                                      ; Default Value              ; Entity Name                                                      ; Section Id ;
+-------------------------------------+----------------------------------------------------------------------------+----------------------------+------------------------------------------------------------------+------------+
; COMPILER_SIGNATURE_ID               ; 414252225660.160692304515284                                               ; --                         ; --                                                               ; --         ;
; ENABLE_SIGNALTAP                    ; Off                                                                        ; --                         ; --                                                               ; --         ;
; HPS_ISW_FILE                        ; audioblade_system/altera_arria10_interface_generator_140/synth/hps.pre.xml ; --                         ; audioblade_system_altera_arria10_interface_generator_140_62dhioi ; --         ;
; HPS_ISW_FILE                        ; audioblade_system/altera_emif_arch_nf_180/synth/emif.pre.xml               ; --                         ; audioblade_system_altera_emif_arch_nf_180_es4upsa                ; --         ;
; MAX_CORE_JUNCTION_TEMP              ; 100                                                                        ; --                         ; --                                                               ; --         ;
; MESSAGE_DISABLE                     ; 10230                                                                      ; --                         ; audioblade_system_altera_arria10_interface_generator_140_62dhioi ; --         ;
; MESSAGE_DISABLE                     ; 10230                                                                      ; --                         ; audioblade_system_altera_arria10_interface_generator_140_hnufizi ; --         ;
; MIN_CORE_JUNCTION_TEMP              ; -40                                                                        ; --                         ; --                                                               ; --         ;
; MISC_FILE                           ; audioblade_system/audioblade_system.cmp                                    ; --                         ; --                                                               ; --         ;
; MISC_FILE                           ; audioblade_system/../D                                                     ; --                         ; --                                                               ; --         ;
; MISC_FILE                           ; audioblade_system/audioblade_system_arria10_hps_0_hps.svd                  ; --                         ; --                                                               ; --         ;
; MISC_FILE                           ; audioblade_system/../audioblade_system.qsys                                ; --                         ; --                                                               ; --         ;
; MISC_FILE                           ; audioblade_system/altera_arria10_interface_generator_140/synth/hps.pre.xml ; --                         ; --                                                               ; --         ;
; MISC_FILE                           ; audioblade_system/altera_emif_arch_nf_180/synth/emif.pre.xml               ; --                         ; --                                                               ; --         ;
; MISC_FILE                           ; pll/pll.cmp                                                                ; --                         ; --                                                               ; --         ;
; MISC_FILE                           ; pll/../pll.qsys                                                            ; --                         ; --                                                               ; --         ;
; OUTPUT_IO_TIMING_FAR_END_VMEAS      ; Half Signal Swing                                                          ; --                         ; --                                                               ; --         ;
; OUTPUT_IO_TIMING_FAR_END_VMEAS      ; Half Signal Swing                                                          ; --                         ; --                                                               ; --         ;
; OUTPUT_IO_TIMING_NEAR_END_VMEAS     ; Half Vccio                                                                 ; --                         ; --                                                               ; --         ;
; OUTPUT_IO_TIMING_NEAR_END_VMEAS     ; Half Vccio                                                                 ; --                         ; --                                                               ; --         ;
; PARTITION_COLOR                     ; -- (Not supported for targeted family)                                     ; --                         ; Audioblade                                                       ; Top        ;
; PARTITION_FITTER_PRESERVATION_LEVEL ; -- (Not supported for targeted family)                                     ; --                         ; Audioblade                                                       ; Top        ;
; PARTITION_NETLIST_TYPE              ; -- (Not supported for targeted family)                                     ; --                         ; Audioblade                                                       ; Top        ;
; POST_FLOW_SCRIPT_FILE               ; quartus_sh:gen_rbf.tcl                                                     ; --                         ; --                                                               ; --         ;
; POWER_BOARD_THERMAL_MODEL           ; None (CONSERVATIVE)                                                        ; --                         ; --                                                               ; --         ;
; POWER_PRESET_COOLING_SOLUTION       ; 23 MM HEAT SINK WITH 200 LFPM AIRFLOW                                      ; --                         ; --                                                               ; --         ;
; PROJECT_OUTPUT_DIRECTORY            ; output_files                                                               ; --                         ; --                                                               ; --         ;
; SLD_FILE                            ; audioblade_system/audioblade_system.regmap                                 ; --                         ; --                                                               ; --         ;
; SLD_FILE                            ; audioblade_system/audioblade_system.debuginfo                              ; --                         ; --                                                               ; --         ;
; SLD_FILE                            ; pll/pll.debuginfo                                                          ; --                         ; --                                                               ; --         ;
; SLD_INFO                            ; QSYS_NAME audioblade_system HAS_SOPCINFO 1 GENERATION_ID 1606922562        ; --                         ; audioblade_system                                                ; --         ;
; SLD_INFO                            ; QSYS_NAME pll HAS_SOPCINFO 1 GENERATION_ID 1606922587                      ; --                         ; pll                                                              ; --         ;
; SOPCINFO_FILE                       ; audioblade_system/../audioblade_system.sopcinfo                            ; --                         ; --                                                               ; --         ;
; SOPCINFO_FILE                       ; pll/../pll.sopcinfo                                                        ; --                         ; --                                                               ; --         ;
; SYNTHESIS_ONLY_QIP                  ; On                                                                         ; --                         ; --                                                               ; --         ;
; SYNTHESIS_ONLY_QIP                  ; On                                                                         ; --                         ; --                                                               ; --         ;
; TOP_LEVEL_ENTITY                    ; Audioblade                                                                 ; ur_ear_fpga_sim_audioblade ; --                                                               ; --         ;
+-------------------------------------+----------------------------------------------------------------------------+----------------------------+------------------------------------------------------------------+------------+


+--------------------------------------------------------------------------------------------------------------------------+
; Flow Elapsed Time                                                                                                        ;
+----------------------+--------------+-------------------------+---------------------+------------------------------------+
; Module Name          ; Elapsed Time ; Average Processors Used ; Peak Virtual Memory ; Total CPU Time (on all processors) ;
+----------------------+--------------+-------------------------+---------------------+------------------------------------+
; Analysis & Synthesis ; 00:01:45     ; 1.6                     ; 6303 MB             ; 00:02:33                           ;
; Fitter               ; 00:08:56     ; 1.4                     ; 17126 MB            ; 00:23:05                           ;
; Assembler            ; 00:00:38     ; 1.0                     ; 9088 MB             ; 00:00:37                           ;
; Timing Analyzer      ; 00:01:10     ; 1.5                     ; 8493 MB             ; 00:02:28                           ;
; Total                ; 00:12:29     ; --                      ; --                  ; 00:28:43                           ;
+----------------------+--------------+-------------------------+---------------------+------------------------------------+


+------------------------------------------------------------------------------------+
; Flow OS Summary                                                                    ;
+----------------------+------------------+------------+------------+----------------+
; Module Name          ; Machine Hostname ; OS Name    ; OS Version ; Processor type ;
+----------------------+------------------+------------+------------+----------------+
; Analysis & Synthesis ; DESKTOP-NVVSIBD  ; Windows 10 ; 10.0       ; x86_64         ;
; Fitter               ; DESKTOP-NVVSIBD  ; Windows 10 ; 10.0       ; x86_64         ;
; Assembler            ; DESKTOP-NVVSIBD  ; Windows 10 ; 10.0       ; x86_64         ;
; Timing Analyzer      ; DESKTOP-NVVSIBD  ; Windows 10 ; 10.0       ; x86_64         ;
+----------------------+------------------+------------+------------+----------------+


------------
; Flow Log ;
------------
quartus_map --read_settings_files=on --write_settings_files=off ur_ear_fpga_sim -c ur_ear_fpga_sim_audioblade
quartus_fit --read_settings_files=off --write_settings_files=off ur_ear_fpga_sim -c ur_ear_fpga_sim_audioblade
quartus_asm --read_settings_files=off --write_settings_files=off ur_ear_fpga_sim -c ur_ear_fpga_sim_audioblade
quartus_sta ur_ear_fpga_sim -c ur_ear_fpga_sim_audioblade



