Reading C:/modeltech64_10.5c/tcl/vsim/pref.tcl

# 10.5c

# do ./rtl/dummy_beamformer/dummy_beamformer_ch_sum_ch_sum_atb.do ./rtl
# Creating the project under D:/trevor/research/NIH_SBIR_R44_DC015443/Audio_Beamforming/hw/library/dummy_beamformer/rtl
# reading modelsim.ini
# Loading project dummy_beamformer_ch_sum_ch_sum
# vsim -quiet -error 3473 -voptargs=""+acc"" -t ps dummy_beamformer_ch_sum_ch_sum_atb 
# Start time: 13:37:55 on Apr 05,2019
# ** Note: (vsim-3812) Design is being optimized...
# ** Warning: (vopt-2009) At least one design unit was compiled with optimization level -O0 or -O1.
# Use vdir -l command to find such design units.
# //  ModelSim SE-64 10.5c Jul 21 2016
# //
# //  Copyright 1991-2016 Mentor Graphics Corporation
# //  All Rights Reserved.
# //
# //  ModelSim SE-64 and its associated documentation contain trade
# //  secrets and commercial or financial information that are the property of
# //  Mentor Graphics Corporation and are privileged, confidential,
# //  and exempt from disclosure under the Freedom of Information Act,
# //  5 U.S.C. Section 552. Furthermore, this information
# //  is prohibited from disclosure under the Trade Secrets Act,
# //  18 U.S.C. Section 1905.
# //
# ** Note: Arrived at end of stimulus data on clk clk
#    Time: 203511035 ps  Iteration: 0  Instance: /dummy_beamformer_ch_sum_ch_sum_atb/sim
# End time: 13:37:56 on Apr 05,2019, Elapsed time: 0:00:01
# Errors: 0, Warnings: 1
