Info: *******************************************************************
Info: Running Quartus Prime Shell
    Info: Version 18.0.0 Build 614 04/24/2018 SJ Standard Edition
    Info: Copyright (C) 2018  Intel Corporation. All rights reserved.
    Info: Your use of Intel Corporation's design tools, logic functions 
    Info: and other software and tools, and its AMPP partner logic 
    Info: functions, and any output files from any of the foregoing 
    Info: (including device programming or simulation files), and any 
    Info: associated documentation or information are expressly subject 
    Info: to the terms and conditions of the Intel Program License 
    Info: Subscription Agreement, the Intel Quartus Prime License Agreement,
    Info: the Intel FPGA IP License Agreement, or other applicable license
    Info: agreement, including, without limitation, that your use is for
    Info: the sole purpose of programming logic devices manufactured by
    Info: Intel and sold by Intel or its authorized distributors.  Please
    Info: refer to the applicable agreement for further details.
    Info: Processing started: Wed Dec 02 08:23:07 2020
Info: Command: quartus_sh -t make_project.tcl
Info (125061): Changed top-level design entity name to "Audioblade"
Info (23030): Evaluation of Tcl script make_project.tcl was successful
Info: Quartus Prime Shell was successful. 0 errors, 0 warnings
    Info: Peak virtual memory: 4643 megabytes
    Info: Processing ended: Wed Dec 02 08:23:10 2020
    Info: Elapsed time: 00:00:03
    Info: Total CPU time (on all processors): 00:00:02
