Assembler report for fft_filters_audiomini
Wed Oct 14 17:04:33 2020
Quartus Prime Version 20.1.0 Build 711 06/05/2020 SJ Standard Edition


---------------------
; Table of Contents ;
---------------------
  1. Legal Notice
  2. Assembler Summary
  3. Assembler Settings
  4. Assembler Encrypted IP Cores Summary
  5. Assembler Generated Files
  6. Assembler Device Options: C:/Users/conno/Documents/NIH-GitHub/simulink_models/models/fft_filters/hdlsrc/fft_filters/quartus/output_files/fft_filters_audiomini.sof
  7. Assembler Messages



----------------
; Legal Notice ;
----------------
Copyright (C) 2020  Intel Corporation. All rights reserved.
Your use of Intel Corporation's design tools, logic functions 
and other software and tools, and any partner logic 
functions, and any output files from any of the foregoing 
(including device programming or simulation files), and any 
associated documentation or information are expressly subject 
to the terms and conditions of the Intel Program License 
Subscription Agreement, the Intel Quartus Prime License Agreement,
the Intel FPGA IP License Agreement, or other applicable license
agreement, including, without limitation, that your use is for
the sole purpose of programming logic devices manufactured by
Intel and sold by Intel or its authorized distributors.  Please
refer to the applicable agreement for further details, at
https://fpgasoftware.intel.com/eula.



+---------------------------------------------------------------+
; Assembler Summary                                             ;
+-----------------------+---------------------------------------+
; Assembler Status      ; Successful - Wed Oct 14 17:04:33 2020 ;
; Revision Name         ; fft_filters_audiomini                 ;
; Top-level Entity Name ; Audiomini                             ;
; Family                ; Cyclone V                             ;
; Device                ; 5CSEBA6U23I7                          ;
+-----------------------+---------------------------------------+


+----------------------------------+
; Assembler Settings               ;
+--------+---------+---------------+
; Option ; Setting ; Default Value ;
+--------+---------+---------------+


+------------------------------------------------+
; Assembler Encrypted IP Cores Summary           ;
+--------+------------------------+--------------+
; Vendor ; IP Core Name           ; License Type ;
+--------+------------------------+--------------+
; Altera ; Signal Tap (6AF7 BCE1) ; Licensed     ;
; Altera ; Signal Tap (6AF7 BCEC) ; Licensed     ;
+--------+------------------------+--------------+


+------------------------------------------------------------------------------------------------------------------------------------------+
; Assembler Generated Files                                                                                                                ;
+------------------------------------------------------------------------------------------------------------------------------------------+
; File Name                                                                                                                                ;
+------------------------------------------------------------------------------------------------------------------------------------------+
; C:/Users/conno/Documents/NIH-GitHub/simulink_models/models/fft_filters/hdlsrc/fft_filters/quartus/output_files/fft_filters_audiomini.sof ;
+------------------------------------------------------------------------------------------------------------------------------------------+


+--------------------------------------------------------------------------------------------------------------------------------------------------------------------+
; Assembler Device Options: C:/Users/conno/Documents/NIH-GitHub/simulink_models/models/fft_filters/hdlsrc/fft_filters/quartus/output_files/fft_filters_audiomini.sof ;
+----------------+---------------------------------------------------------------------------------------------------------------------------------------------------+
; Option         ; Setting                                                                                                                                           ;
+----------------+---------------------------------------------------------------------------------------------------------------------------------------------------+
; JTAG usercode  ; 0x0450F192                                                                                                                                        ;
; Checksum       ; 0x0450F192                                                                                                                                        ;
+----------------+---------------------------------------------------------------------------------------------------------------------------------------------------+


+--------------------+
; Assembler Messages ;
+--------------------+
Info: *******************************************************************
Info: Running Quartus Prime Assembler
    Info: Version 20.1.0 Build 711 06/05/2020 SJ Standard Edition
    Info: Processing started: Wed Oct 14 17:04:15 2020
Info: Command: quartus_asm --read_settings_files=off --write_settings_files=off fft_filters -c fft_filters_audiomini
Warning (18236): Number of processors has not been specified which may cause overloading on shared machines.  Set the global assignment NUM_PARALLEL_PROCESSORS in your QSF to an appropriate value for best performance.
Info (115030): Assembler is generating device programming files
Warning (11713): The configuration of the Hard Processor Subsystem (HPS) within this design has changed.
The Preloader software that initializes the HPS requires an update.
Using hps_isw_handoff/audiomini_system_hps/, run the Preloader Support Package Generator to update your Preloader software
Info: Quartus Prime Assembler was successful. 0 errors, 2 warnings
    Info: Peak virtual memory: 5062 megabytes
    Info: Processing ended: Wed Oct 14 17:04:34 2020
    Info: Elapsed time: 00:00:19
    Info: Total CPU time (on all processors): 00:00:17


