Making tcl file for qsys
Generating qsys file from tcl file
log file can be found at C:\Users\conno\Documents\NIH-GitHub\simulink_models\models\noise_suppression\hdlsrc\noise_suppression/quartus/qsys_script.log
cd C:\\Users\\conno\\Documents\\NIH-GitHub\\simulink_models\\models\\noise_suppression\\hdlsrc\\noise_suppression/quartus/ && C:\\intelFPGA\\20.1\\quartus\\sopc_builder\\bin/qsys-script --script=audiomini_system.tcl --search-path="../../../../../component_library/**/*,$" 

Traceback (most recent call last):
  File "C:\Users\conno\Documents\NIH-GitHub\simulink_codegen/autogen_quartus.py", line 26, in main
    execute_quartus_workflow(
  File "C:\Users\conno\Documents\NIH-GitHub\simulink_codegen\quartus\workflow.py", line 406, in execute_quartus_workflow
    gen_qsys_system(target, custom_components,
  File "C:\Users\conno\Documents\NIH-GitHub\simulink_codegen\quartus\workflow.py", line 196, in gen_qsys_system
    gen_qsys_file(target, custom_components,
  File "C:\Users\conno\Documents\NIH-GitHub\simulink_codegen\quartus\workflow.py", line 153, in gen_qsys_file
    gen_qsys_file_from_tcl(target.system_name + ".tcl", working_dir)
  File "C:\Users\conno\Documents\NIH-GitHub\simulink_codegen\quartus\workflow.py", line 175, in gen_qsys_file_from_tcl
    run_cmd_and_log(cmd, log_msg, log_file_path)
  File "C:\Users\conno\Documents\NIH-GitHub\simulink_codegen\quartus\workflow.py", line 129, in run_cmd_and_log
    return_code = process.wait()
  File "C:\Python38\lib\subprocess.py", line 1079, in wait
    return self._wait(timeout=timeout)
  File "C:\Python38\lib\subprocess.py", line 1357, in _wait
    result = _winapi.WaitForSingleObject(self._handle,
KeyboardInterrupt
exit
