Analysis & Synthesis report for simple_gain_audiomini
Wed Oct 14 16:41:05 2020
Quartus Prime Version 20.1.0 Build 711 06/05/2020 SJ Standard Edition


---------------------
; Table of Contents ;
---------------------
  1. Legal Notice
  2. Analysis & Synthesis Summary
  3. Analysis & Synthesis Settings
  4. Parallel Compilation
  5. Analysis & Synthesis Messages
  6. Analysis & Synthesis Suppressed Messages



----------------
; Legal Notice ;
----------------
Copyright (C) 2020  Intel Corporation. All rights reserved.
Your use of Intel Corporation's design tools, logic functions 
and other software and tools, and any partner logic 
functions, and any output files from any of the foregoing 
(including device programming or simulation files), and any 
associated documentation or information are expressly subject 
to the terms and conditions of the Intel Program License 
Subscription Agreement, the Intel Quartus Prime License Agreement,
the Intel FPGA IP License Agreement, or other applicable license
agreement, including, without limitation, that your use is for
the sole purpose of programming logic devices manufactured by
Intel and sold by Intel or its authorized distributors.  Please
refer to the applicable agreement for further details, at
https://fpgasoftware.intel.com/eula.



+-------------------------------------------------------------------------------+
; Analysis & Synthesis Summary                                                  ;
+-----------------------------+-------------------------------------------------+
; Analysis & Synthesis Status ; Failed - Wed Oct 14 16:41:05 2020               ;
; Quartus Prime Version       ; 20.1.0 Build 711 06/05/2020 SJ Standard Edition ;
; Revision Name               ; simple_gain_audiomini                           ;
; Top-level Entity Name       ; Audiomini                                       ;
; Family                      ; Cyclone V                                       ;
; Logic utilization (in ALMs) ; N/A until Partition Merge                       ;
; Total registers             ; N/A until Partition Merge                       ;
; Total pins                  ; N/A until Partition Merge                       ;
; Total virtual pins          ; N/A until Partition Merge                       ;
; Total block memory bits     ; N/A until Partition Merge                       ;
; Total PLLs                  ; N/A until Partition Merge                       ;
; Total DLLs                  ; N/A until Partition Merge                       ;
+-----------------------------+-------------------------------------------------+


+------------------------------------------------------------------------------------------------------------------------------+
; Analysis & Synthesis Settings                                                                                                ;
+---------------------------------------------------------------------------------+--------------------+-----------------------+
; Option                                                                          ; Setting            ; Default Value         ;
+---------------------------------------------------------------------------------+--------------------+-----------------------+
; Device                                                                          ; 5CSEBA6U23I7       ;                       ;
; Top-level entity name                                                           ; Audiomini          ; simple_gain_audiomini ;
; Family name                                                                     ; Cyclone V          ; Cyclone V             ;
; Use smart compilation                                                           ; Off                ; Off                   ;
; Enable parallel Assembler and Timing Analyzer during compilation                ; On                 ; On                    ;
; Enable compact report table                                                     ; Off                ; Off                   ;
; Restructure Multiplexers                                                        ; Auto               ; Auto                  ;
; MLAB Add Timing Constraints For Mixed-Port Feed-Through Mode Setting Don't Care ; Off                ; Off                   ;
; Create Debugging Nodes for IP Cores                                             ; Off                ; Off                   ;
; Preserve fewer node names                                                       ; On                 ; On                    ;
; Intel FPGA IP Evaluation Mode                                                   ; Enable             ; Enable                ;
; Verilog Version                                                                 ; Verilog_2001       ; Verilog_2001          ;
; VHDL Version                                                                    ; VHDL_1993          ; VHDL_1993             ;
; State Machine Processing                                                        ; Auto               ; Auto                  ;
; Safe State Machine                                                              ; Off                ; Off                   ;
; Extract Verilog State Machines                                                  ; On                 ; On                    ;
; Extract VHDL State Machines                                                     ; On                 ; On                    ;
; Ignore Verilog initial constructs                                               ; Off                ; Off                   ;
; Iteration limit for constant Verilog loops                                      ; 5000               ; 5000                  ;
; Iteration limit for non-constant Verilog loops                                  ; 250                ; 250                   ;
; Add Pass-Through Logic to Inferred RAMs                                         ; On                 ; On                    ;
; Infer RAMs from Raw Logic                                                       ; On                 ; On                    ;
; Parallel Synthesis                                                              ; On                 ; On                    ;
; DSP Block Balancing                                                             ; Auto               ; Auto                  ;
; NOT Gate Push-Back                                                              ; On                 ; On                    ;
; Power-Up Don't Care                                                             ; On                 ; On                    ;
; Remove Redundant Logic Cells                                                    ; Off                ; Off                   ;
; Remove Duplicate Registers                                                      ; On                 ; On                    ;
; Ignore CARRY Buffers                                                            ; Off                ; Off                   ;
; Ignore CASCADE Buffers                                                          ; Off                ; Off                   ;
; Ignore GLOBAL Buffers                                                           ; Off                ; Off                   ;
; Ignore ROW GLOBAL Buffers                                                       ; Off                ; Off                   ;
; Ignore LCELL Buffers                                                            ; Off                ; Off                   ;
; Ignore SOFT Buffers                                                             ; On                 ; On                    ;
; Limit AHDL Integers to 32 Bits                                                  ; Off                ; Off                   ;
; Optimization Technique                                                          ; Balanced           ; Balanced              ;
; Carry Chain Length                                                              ; 70                 ; 70                    ;
; Auto Carry Chains                                                               ; On                 ; On                    ;
; Auto Open-Drain Pins                                                            ; On                 ; On                    ;
; Perform WYSIWYG Primitive Resynthesis                                           ; Off                ; Off                   ;
; Auto ROM Replacement                                                            ; On                 ; On                    ;
; Auto RAM Replacement                                                            ; On                 ; On                    ;
; Auto DSP Block Replacement                                                      ; On                 ; On                    ;
; Auto Shift Register Replacement                                                 ; Auto               ; Auto                  ;
; Allow Shift Register Merging across Hierarchies                                 ; Auto               ; Auto                  ;
; Auto Clock Enable Replacement                                                   ; On                 ; On                    ;
; Strict RAM Replacement                                                          ; Off                ; Off                   ;
; Allow Synchronous Control Signals                                               ; On                 ; On                    ;
; Force Use of Synchronous Clear Signals                                          ; Off                ; Off                   ;
; Auto Resource Sharing                                                           ; Off                ; Off                   ;
; Allow Any RAM Size For Recognition                                              ; Off                ; Off                   ;
; Allow Any ROM Size For Recognition                                              ; Off                ; Off                   ;
; Allow Any Shift Register Size For Recognition                                   ; Off                ; Off                   ;
; Use LogicLock Constraints during Resource Balancing                             ; On                 ; On                    ;
; Ignore translate_off and synthesis_off directives                               ; Off                ; Off                   ;
; Timing-Driven Synthesis                                                         ; On                 ; On                    ;
; Report Parameter Settings                                                       ; On                 ; On                    ;
; Report Source Assignments                                                       ; On                 ; On                    ;
; Report Connectivity Checks                                                      ; On                 ; On                    ;
; Ignore Maximum Fan-Out Assignments                                              ; Off                ; Off                   ;
; Synchronization Register Chain Length                                           ; 3                  ; 3                     ;
; Power Optimization During Synthesis                                             ; Normal compilation ; Normal compilation    ;
; HDL message level                                                               ; Level2             ; Level2                ;
; Suppress Register Optimization Related Messages                                 ; Off                ; Off                   ;
; Number of Removed Registers Reported in Synthesis Report                        ; 5000               ; 5000                  ;
; Number of Swept Nodes Reported in Synthesis Report                              ; 5000               ; 5000                  ;
; Number of Inverted Registers Reported in Synthesis Report                       ; 100                ; 100                   ;
; Clock MUX Protection                                                            ; On                 ; On                    ;
; Auto Gated Clock Conversion                                                     ; Off                ; Off                   ;
; Block Design Naming                                                             ; Auto               ; Auto                  ;
; SDC constraint protection                                                       ; Off                ; Off                   ;
; Synthesis Effort                                                                ; Auto               ; Auto                  ;
; Shift Register Replacement - Allow Asynchronous Clear Signal                    ; On                 ; On                    ;
; Pre-Mapping Resynthesis Optimization                                            ; Off                ; Off                   ;
; Analysis & Synthesis Message Level                                              ; Medium             ; Medium                ;
; Disable Register Merging Across Hierarchies                                     ; Auto               ; Auto                  ;
; Resource Aware Inference For Block RAM                                          ; On                 ; On                    ;
; Automatic Parallel Synthesis                                                    ; On                 ; On                    ;
; Partial Reconfiguration Bitstream ID                                            ; Off                ; Off                   ;
+---------------------------------------------------------------------------------+--------------------+-----------------------+


+------------------------------------------+
; Parallel Compilation                     ;
+----------------------------+-------------+
; Processors                 ; Number      ;
+----------------------------+-------------+
; Number detected on machine ; 16          ;
; Maximum allowed            ; 16          ;
;                            ;             ;
; Average used               ; 1.00        ;
; Maximum used               ; 1           ;
;                            ;             ;
; Usage by Processor         ; % Time Used ;
;     Processor 1            ; 100.0%      ;
+----------------------------+-------------+


+-------------------------------+
; Analysis & Synthesis Messages ;
+-------------------------------+
Info: *******************************************************************
Info: Running Quartus Prime Analysis & Synthesis
    Info: Version 20.1.0 Build 711 06/05/2020 SJ Standard Edition
    Info: Processing started: Wed Oct 14 16:40:50 2020
Info: Command: quartus_map --read_settings_files=on --write_settings_files=off simple_gain -c simple_gain_audiomini
Warning (18236): Number of processors has not been specified which may cause overloading on shared machines.  Set the global assignment NUM_PARALLEL_PROCESSORS in your QSF to an appropriate value for best performance.
Info (20030): Parallel compilation is enabled and will use 16 of the 16 processors detected
Info (12021): Found 2 design units, including 1 entities, in source file audiomini.vhd
    Info (12022): Found design unit 1: Audiomini-Audiomini_arch File: C:/Users/conno/Documents/NIH-GitHub/simulink_models/models/simple_gain/hdlsrc/simple_gain/quartus/Audiomini.vhd Line: 205
    Info (12023): Found entity 1: Audiomini File: C:/Users/conno/Documents/NIH-GitHub/simulink_models/models/simple_gain/hdlsrc/simple_gain/quartus/Audiomini.vhd Line: 20
Info (12021): Found 2 design units, including 1 entities, in source file audiomini_system/synthesis/audiomini_system.vhd
    Info (12022): Found design unit 1: audiomini_system-rtl File: C:/Users/conno/Documents/NIH-GitHub/simulink_models/models/simple_gain/hdlsrc/simple_gain/quartus/audiomini_system/synthesis/audiomini_system.vhd Line: 102
    Info (12023): Found entity 1: audiomini_system File: C:/Users/conno/Documents/NIH-GitHub/simulink_models/models/simple_gain/hdlsrc/simple_gain/quartus/audiomini_system/synthesis/audiomini_system.vhd Line: 9
Info (12021): Found 2 design units, including 1 entities, in source file audiomini_system/synthesis/audiomini_system_rst_controller.vhd
    Info (12022): Found design unit 1: audiomini_system_rst_controller-rtl File: C:/Users/conno/Documents/NIH-GitHub/simulink_models/models/simple_gain/hdlsrc/simple_gain/quartus/audiomini_system/synthesis/audiomini_system_rst_controller.vhd Line: 75
    Info (12023): Found entity 1: audiomini_system_rst_controller File: C:/Users/conno/Documents/NIH-GitHub/simulink_models/models/simple_gain/hdlsrc/simple_gain/quartus/audiomini_system/synthesis/audiomini_system_rst_controller.vhd Line: 9
Info (12021): Found 2 design units, including 1 entities, in source file audiomini_system/synthesis/audiomini_system_rst_controller_001.vhd
    Info (12022): Found design unit 1: audiomini_system_rst_controller_001-rtl File: C:/Users/conno/Documents/NIH-GitHub/simulink_models/models/simple_gain/hdlsrc/simple_gain/quartus/audiomini_system/synthesis/audiomini_system_rst_controller_001.vhd Line: 75
    Info (12023): Found entity 1: audiomini_system_rst_controller_001 File: C:/Users/conno/Documents/NIH-GitHub/simulink_models/models/simple_gain/hdlsrc/simple_gain/quartus/audiomini_system/synthesis/audiomini_system_rst_controller_001.vhd Line: 9
Info (12021): Found 1 design units, including 1 entities, in source file audiomini_system/synthesis/submodules/altera_reset_controller.v
    Info (12023): Found entity 1: altera_reset_controller File: C:/Users/conno/Documents/NIH-GitHub/simulink_models/models/simple_gain/hdlsrc/simple_gain/quartus/audiomini_system/synthesis/submodules/altera_reset_controller.v Line: 42
Info (12021): Found 1 design units, including 1 entities, in source file audiomini_system/synthesis/submodules/altera_reset_synchronizer.v
    Info (12023): Found entity 1: altera_reset_synchronizer File: C:/Users/conno/Documents/NIH-GitHub/simulink_models/models/simple_gain/hdlsrc/simple_gain/quartus/audiomini_system/synthesis/submodules/altera_reset_synchronizer.v Line: 24
Info (12021): Found 1 design units, including 1 entities, in source file audiomini_system/synthesis/submodules/audiomini_system_avalon_st_adapter_001.v
    Info (12023): Found entity 1: audiomini_system_avalon_st_adapter_001 File: C:/Users/conno/Documents/NIH-GitHub/simulink_models/models/simple_gain/hdlsrc/simple_gain/quartus/audiomini_system/synthesis/submodules/audiomini_system_avalon_st_adapter_001.v Line: 9
Info (12021): Found 1 design units, including 1 entities, in source file audiomini_system/synthesis/submodules/audiomini_system_avalon_st_adapter_001_channel_adapter_0.sv
    Info (12023): Found entity 1: audiomini_system_avalon_st_adapter_001_channel_adapter_0 File: C:/Users/conno/Documents/NIH-GitHub/simulink_models/models/simple_gain/hdlsrc/simple_gain/quartus/audiomini_system/synthesis/submodules/audiomini_system_avalon_st_adapter_001_channel_adapter_0.sv Line: 55
Info (12021): Found 1 design units, including 1 entities, in source file audiomini_system/synthesis/submodules/audiomini_system_avalon_st_adapter.v
    Info (12023): Found entity 1: audiomini_system_avalon_st_adapter File: C:/Users/conno/Documents/NIH-GitHub/simulink_models/models/simple_gain/hdlsrc/simple_gain/quartus/audiomini_system/synthesis/submodules/audiomini_system_avalon_st_adapter.v Line: 9
Info (12021): Found 1 design units, including 1 entities, in source file audiomini_system/synthesis/submodules/audiomini_system_avalon_st_adapter_channel_adapter_0.sv
    Info (12023): Found entity 1: audiomini_system_avalon_st_adapter_channel_adapter_0 File: C:/Users/conno/Documents/NIH-GitHub/simulink_models/models/simple_gain/hdlsrc/simple_gain/quartus/audiomini_system/synthesis/submodules/audiomini_system_avalon_st_adapter_channel_adapter_0.sv Line: 55
Info (12021): Found 1 design units, including 1 entities, in source file audiomini_system/synthesis/submodules/audiomini_system_irq_mapper_001.sv
    Info (12023): Found entity 1: audiomini_system_irq_mapper_001 File: C:/Users/conno/Documents/NIH-GitHub/simulink_models/models/simple_gain/hdlsrc/simple_gain/quartus/audiomini_system/synthesis/submodules/audiomini_system_irq_mapper_001.sv Line: 31
Info (12021): Found 1 design units, including 1 entities, in source file audiomini_system/synthesis/submodules/audiomini_system_irq_mapper.sv
    Info (12023): Found entity 1: audiomini_system_irq_mapper File: C:/Users/conno/Documents/NIH-GitHub/simulink_models/models/simple_gain/hdlsrc/simple_gain/quartus/audiomini_system/synthesis/submodules/audiomini_system_irq_mapper.sv Line: 31
Info (12021): Found 1 design units, including 1 entities, in source file audiomini_system/synthesis/submodules/audiomini_system_mm_interconnect_1.v
    Info (12023): Found entity 1: audiomini_system_mm_interconnect_1 File: C:/Users/conno/Documents/NIH-GitHub/simulink_models/models/simple_gain/hdlsrc/simple_gain/quartus/audiomini_system/synthesis/submodules/audiomini_system_mm_interconnect_1.v Line: 9
Info (12021): Found 1 design units, including 1 entities, in source file audiomini_system/synthesis/submodules/audiomini_system_mm_interconnect_1_avalon_st_adapter.v
    Info (12023): Found entity 1: audiomini_system_mm_interconnect_1_avalon_st_adapter File: C:/Users/conno/Documents/NIH-GitHub/simulink_models/models/simple_gain/hdlsrc/simple_gain/quartus/audiomini_system/synthesis/submodules/audiomini_system_mm_interconnect_1_avalon_st_adapter.v Line: 9
Info (12021): Found 1 design units, including 1 entities, in source file audiomini_system/synthesis/submodules/audiomini_system_mm_interconnect_1_avalon_st_adapter_error_adapter_0.sv
    Info (12023): Found entity 1: audiomini_system_mm_interconnect_1_avalon_st_adapter_error_adapter_0 File: C:/Users/conno/Documents/NIH-GitHub/simulink_models/models/simple_gain/hdlsrc/simple_gain/quartus/audiomini_system/synthesis/submodules/audiomini_system_mm_interconnect_1_avalon_st_adapter_error_adapter_0.sv Line: 66
Info (12021): Found 1 design units, including 1 entities, in source file audiomini_system/synthesis/submodules/altera_avalon_st_handshake_clock_crosser.v
    Info (12023): Found entity 1: altera_avalon_st_handshake_clock_crosser File: C:/Users/conno/Documents/NIH-GitHub/simulink_models/models/simple_gain/hdlsrc/simple_gain/quartus/audiomini_system/synthesis/submodules/altera_avalon_st_handshake_clock_crosser.v Line: 24
Info (12021): Found 1 design units, including 1 entities, in source file audiomini_system/synthesis/submodules/altera_avalon_st_clock_crosser.v
    Info (12023): Found entity 1: altera_avalon_st_clock_crosser File: C:/Users/conno/Documents/NIH-GitHub/simulink_models/models/simple_gain/hdlsrc/simple_gain/quartus/audiomini_system/synthesis/submodules/altera_avalon_st_clock_crosser.v Line: 22
Info (12021): Found 1 design units, including 1 entities, in source file audiomini_system/synthesis/submodules/altera_avalon_st_pipeline_base.v
    Info (12023): Found entity 1: altera_avalon_st_pipeline_base File: C:/Users/conno/Documents/NIH-GitHub/simulink_models/models/simple_gain/hdlsrc/simple_gain/quartus/audiomini_system/synthesis/submodules/altera_avalon_st_pipeline_base.v Line: 22
Info (12021): Found 1 design units, including 1 entities, in source file audiomini_system/synthesis/submodules/altera_std_synchronizer_nocut.v
    Info (12023): Found entity 1: altera_std_synchronizer_nocut File: C:/Users/conno/Documents/NIH-GitHub/simulink_models/models/simple_gain/hdlsrc/simple_gain/quartus/audiomini_system/synthesis/submodules/altera_std_synchronizer_nocut.v Line: 44
Info (12021): Found 1 design units, including 1 entities, in source file audiomini_system/synthesis/submodules/audiomini_system_mm_interconnect_1_rsp_mux.sv
    Info (12023): Found entity 1: audiomini_system_mm_interconnect_1_rsp_mux File: C:/Users/conno/Documents/NIH-GitHub/simulink_models/models/simple_gain/hdlsrc/simple_gain/quartus/audiomini_system/synthesis/submodules/audiomini_system_mm_interconnect_1_rsp_mux.sv Line: 51
Info (12021): Found 2 design units, including 2 entities, in source file audiomini_system/synthesis/submodules/altera_merlin_arbitrator.sv
    Info (12023): Found entity 1: altera_merlin_arbitrator File: C:/Users/conno/Documents/NIH-GitHub/simulink_models/models/simple_gain/hdlsrc/simple_gain/quartus/audiomini_system/synthesis/submodules/altera_merlin_arbitrator.sv Line: 103
    Info (12023): Found entity 2: altera_merlin_arb_adder File: C:/Users/conno/Documents/NIH-GitHub/simulink_models/models/simple_gain/hdlsrc/simple_gain/quartus/audiomini_system/synthesis/submodules/altera_merlin_arbitrator.sv Line: 228
Info (12021): Found 1 design units, including 1 entities, in source file audiomini_system/synthesis/submodules/audiomini_system_mm_interconnect_1_rsp_demux_001.sv
    Info (12023): Found entity 1: audiomini_system_mm_interconnect_1_rsp_demux_001 File: C:/Users/conno/Documents/NIH-GitHub/simulink_models/models/simple_gain/hdlsrc/simple_gain/quartus/audiomini_system/synthesis/submodules/audiomini_system_mm_interconnect_1_rsp_demux_001.sv Line: 43
Info (12021): Found 1 design units, including 1 entities, in source file audiomini_system/synthesis/submodules/audiomini_system_mm_interconnect_1_rsp_demux.sv
    Info (12023): Found entity 1: audiomini_system_mm_interconnect_1_rsp_demux File: C:/Users/conno/Documents/NIH-GitHub/simulink_models/models/simple_gain/hdlsrc/simple_gain/quartus/audiomini_system/synthesis/submodules/audiomini_system_mm_interconnect_1_rsp_demux.sv Line: 43
Info (12021): Found 1 design units, including 1 entities, in source file audiomini_system/synthesis/submodules/audiomini_system_mm_interconnect_1_cmd_mux.sv
    Info (12023): Found entity 1: audiomini_system_mm_interconnect_1_cmd_mux File: C:/Users/conno/Documents/NIH-GitHub/simulink_models/models/simple_gain/hdlsrc/simple_gain/quartus/audiomini_system/synthesis/submodules/audiomini_system_mm_interconnect_1_cmd_mux.sv Line: 51
Info (12021): Found 1 design units, including 1 entities, in source file audiomini_system/synthesis/submodules/audiomini_system_mm_interconnect_1_cmd_demux.sv
    Info (12023): Found entity 1: audiomini_system_mm_interconnect_1_cmd_demux File: C:/Users/conno/Documents/NIH-GitHub/simulink_models/models/simple_gain/hdlsrc/simple_gain/quartus/audiomini_system/synthesis/submodules/audiomini_system_mm_interconnect_1_cmd_demux.sv Line: 43
Info (12021): Found 1 design units, including 1 entities, in source file audiomini_system/synthesis/submodules/altera_merlin_burst_adapter.sv
    Info (12023): Found entity 1: altera_merlin_burst_adapter File: C:/Users/conno/Documents/NIH-GitHub/simulink_models/models/simple_gain/hdlsrc/simple_gain/quartus/audiomini_system/synthesis/submodules/altera_merlin_burst_adapter.sv Line: 21
Info (12021): Found 1 design units, including 1 entities, in source file audiomini_system/synthesis/submodules/altera_merlin_burst_adapter_uncmpr.sv
    Info (12023): Found entity 1: altera_merlin_burst_adapter_uncompressed_only File: C:/Users/conno/Documents/NIH-GitHub/simulink_models/models/simple_gain/hdlsrc/simple_gain/quartus/audiomini_system/synthesis/submodules/altera_merlin_burst_adapter_uncmpr.sv Line: 39
Info (12021): Found 5 design units, including 5 entities, in source file audiomini_system/synthesis/submodules/altera_merlin_burst_adapter_13_1.sv
    Info (12023): Found entity 1: altera_merlin_burst_adapter_burstwrap_increment File: C:/Users/conno/Documents/NIH-GitHub/simulink_models/models/simple_gain/hdlsrc/simple_gain/quartus/audiomini_system/synthesis/submodules/altera_merlin_burst_adapter_13_1.sv Line: 40
    Info (12023): Found entity 2: altera_merlin_burst_adapter_adder File: C:/Users/conno/Documents/NIH-GitHub/simulink_models/models/simple_gain/hdlsrc/simple_gain/quartus/audiomini_system/synthesis/submodules/altera_merlin_burst_adapter_13_1.sv Line: 55
    Info (12023): Found entity 3: altera_merlin_burst_adapter_subtractor File: C:/Users/conno/Documents/NIH-GitHub/simulink_models/models/simple_gain/hdlsrc/simple_gain/quartus/audiomini_system/synthesis/submodules/altera_merlin_burst_adapter_13_1.sv Line: 77
    Info (12023): Found entity 4: altera_merlin_burst_adapter_min File: C:/Users/conno/Documents/NIH-GitHub/simulink_models/models/simple_gain/hdlsrc/simple_gain/quartus/audiomini_system/synthesis/submodules/altera_merlin_burst_adapter_13_1.sv Line: 98
    Info (12023): Found entity 5: altera_merlin_burst_adapter_13_1 File: C:/Users/conno/Documents/NIH-GitHub/simulink_models/models/simple_gain/hdlsrc/simple_gain/quartus/audiomini_system/synthesis/submodules/altera_merlin_burst_adapter_13_1.sv Line: 264
Info (12021): Found 1 design units, including 1 entities, in source file audiomini_system/synthesis/submodules/altera_merlin_burst_adapter_new.sv
    Info (12023): Found entity 1: altera_merlin_burst_adapter_new File: C:/Users/conno/Documents/NIH-GitHub/simulink_models/models/simple_gain/hdlsrc/simple_gain/quartus/audiomini_system/synthesis/submodules/altera_merlin_burst_adapter_new.sv Line: 25
Info (12021): Found 1 design units, including 1 entities, in source file audiomini_system/synthesis/submodules/altera_incr_burst_converter.sv
    Info (12023): Found entity 1: altera_incr_burst_converter File: C:/Users/conno/Documents/NIH-GitHub/simulink_models/models/simple_gain/hdlsrc/simple_gain/quartus/audiomini_system/synthesis/submodules/altera_incr_burst_converter.sv Line: 28
Info (12021): Found 1 design units, including 1 entities, in source file audiomini_system/synthesis/submodules/altera_wrap_burst_converter.sv
    Info (12023): Found entity 1: altera_wrap_burst_converter File: C:/Users/conno/Documents/NIH-GitHub/simulink_models/models/simple_gain/hdlsrc/simple_gain/quartus/audiomini_system/synthesis/submodules/altera_wrap_burst_converter.sv Line: 27
Info (12021): Found 1 design units, including 1 entities, in source file audiomini_system/synthesis/submodules/altera_default_burst_converter.sv
    Info (12023): Found entity 1: altera_default_burst_converter File: C:/Users/conno/Documents/NIH-GitHub/simulink_models/models/simple_gain/hdlsrc/simple_gain/quartus/audiomini_system/synthesis/submodules/altera_default_burst_converter.sv Line: 30
Info (12021): Found 1 design units, including 1 entities, in source file audiomini_system/synthesis/submodules/altera_merlin_address_alignment.sv
    Info (12023): Found entity 1: altera_merlin_address_alignment File: C:/Users/conno/Documents/NIH-GitHub/simulink_models/models/simple_gain/hdlsrc/simple_gain/quartus/audiomini_system/synthesis/submodules/altera_merlin_address_alignment.sv Line: 26
Info (12021): Found 1 design units, including 1 entities, in source file audiomini_system/synthesis/submodules/altera_avalon_st_pipeline_stage.sv
    Info (12023): Found entity 1: altera_avalon_st_pipeline_stage File: C:/Users/conno/Documents/NIH-GitHub/simulink_models/models/simple_gain/hdlsrc/simple_gain/quartus/audiomini_system/synthesis/submodules/altera_avalon_st_pipeline_stage.sv Line: 22
Info (12021): Found 1 design units, including 1 entities, in source file audiomini_system/synthesis/submodules/altera_merlin_traffic_limiter.sv
    Info (12023): Found entity 1: altera_merlin_traffic_limiter File: C:/Users/conno/Documents/NIH-GitHub/simulink_models/models/simple_gain/hdlsrc/simple_gain/quartus/audiomini_system/synthesis/submodules/altera_merlin_traffic_limiter.sv Line: 49
Info (12021): Found 2 design units, including 2 entities, in source file audiomini_system/synthesis/submodules/altera_merlin_reorder_memory.sv
    Info (12023): Found entity 1: altera_merlin_reorder_memory File: C:/Users/conno/Documents/NIH-GitHub/simulink_models/models/simple_gain/hdlsrc/simple_gain/quartus/audiomini_system/synthesis/submodules/altera_merlin_reorder_memory.sv Line: 28
    Info (12023): Found entity 2: memory_pointer_controller File: C:/Users/conno/Documents/NIH-GitHub/simulink_models/models/simple_gain/hdlsrc/simple_gain/quartus/audiomini_system/synthesis/submodules/altera_merlin_reorder_memory.sv Line: 185
Info (12021): Found 1 design units, including 1 entities, in source file audiomini_system/synthesis/submodules/altera_avalon_sc_fifo.v
    Info (12023): Found entity 1: altera_avalon_sc_fifo File: C:/Users/conno/Documents/NIH-GitHub/simulink_models/models/simple_gain/hdlsrc/simple_gain/quartus/audiomini_system/synthesis/submodules/altera_avalon_sc_fifo.v Line: 21
Info (12021): Found 2 design units, including 2 entities, in source file audiomini_system/synthesis/submodules/audiomini_system_mm_interconnect_1_router_002.sv
    Info (12023): Found entity 1: audiomini_system_mm_interconnect_1_router_002_default_decode File: C:/Users/conno/Documents/NIH-GitHub/simulink_models/models/simple_gain/hdlsrc/simple_gain/quartus/audiomini_system/synthesis/submodules/audiomini_system_mm_interconnect_1_router_002.sv Line: 45
    Info (12023): Found entity 2: audiomini_system_mm_interconnect_1_router_002 File: C:/Users/conno/Documents/NIH-GitHub/simulink_models/models/simple_gain/hdlsrc/simple_gain/quartus/audiomini_system/synthesis/submodules/audiomini_system_mm_interconnect_1_router_002.sv Line: 84
Info (12021): Found 2 design units, including 2 entities, in source file audiomini_system/synthesis/submodules/audiomini_system_mm_interconnect_1_router.sv
    Info (12023): Found entity 1: audiomini_system_mm_interconnect_1_router_default_decode File: C:/Users/conno/Documents/NIH-GitHub/simulink_models/models/simple_gain/hdlsrc/simple_gain/quartus/audiomini_system/synthesis/submodules/audiomini_system_mm_interconnect_1_router.sv Line: 45
    Info (12023): Found entity 2: audiomini_system_mm_interconnect_1_router File: C:/Users/conno/Documents/NIH-GitHub/simulink_models/models/simple_gain/hdlsrc/simple_gain/quartus/audiomini_system/synthesis/submodules/audiomini_system_mm_interconnect_1_router.sv Line: 84
Info (12021): Found 1 design units, including 1 entities, in source file audiomini_system/synthesis/submodules/altera_merlin_slave_agent.sv
    Info (12023): Found entity 1: altera_merlin_slave_agent File: C:/Users/conno/Documents/NIH-GitHub/simulink_models/models/simple_gain/hdlsrc/simple_gain/quartus/audiomini_system/synthesis/submodules/altera_merlin_slave_agent.sv Line: 34
Info (12021): Found 1 design units, including 1 entities, in source file audiomini_system/synthesis/submodules/altera_merlin_burst_uncompressor.sv
    Info (12023): Found entity 1: altera_merlin_burst_uncompressor File: C:/Users/conno/Documents/NIH-GitHub/simulink_models/models/simple_gain/hdlsrc/simple_gain/quartus/audiomini_system/synthesis/submodules/altera_merlin_burst_uncompressor.sv Line: 40
Info (12021): Found 1 design units, including 1 entities, in source file audiomini_system/synthesis/submodules/altera_merlin_axi_master_ni.sv
    Info (12023): Found entity 1: altera_merlin_axi_master_ni File: C:/Users/conno/Documents/NIH-GitHub/simulink_models/models/simple_gain/hdlsrc/simple_gain/quartus/audiomini_system/synthesis/submodules/altera_merlin_axi_master_ni.sv Line: 27
Info (12021): Found 1 design units, including 1 entities, in source file audiomini_system/synthesis/submodules/altera_merlin_slave_translator.sv
    Info (12023): Found entity 1: altera_merlin_slave_translator File: C:/Users/conno/Documents/NIH-GitHub/simulink_models/models/simple_gain/hdlsrc/simple_gain/quartus/audiomini_system/synthesis/submodules/altera_merlin_slave_translator.sv Line: 35
Info (12021): Found 1 design units, including 1 entities, in source file audiomini_system/synthesis/submodules/audiomini_system_mm_interconnect_0.v
    Info (12023): Found entity 1: audiomini_system_mm_interconnect_0 File: C:/Users/conno/Documents/NIH-GitHub/simulink_models/models/simple_gain/hdlsrc/simple_gain/quartus/audiomini_system/synthesis/submodules/audiomini_system_mm_interconnect_0.v Line: 9
Info (12021): Found 1 design units, including 1 entities, in source file audiomini_system/synthesis/submodules/audiomini_system_mm_interconnect_0_avalon_st_adapter.v
    Info (12023): Found entity 1: audiomini_system_mm_interconnect_0_avalon_st_adapter File: C:/Users/conno/Documents/NIH-GitHub/simulink_models/models/simple_gain/hdlsrc/simple_gain/quartus/audiomini_system/synthesis/submodules/audiomini_system_mm_interconnect_0_avalon_st_adapter.v Line: 9
Info (12021): Found 1 design units, including 1 entities, in source file audiomini_system/synthesis/submodules/audiomini_system_mm_interconnect_0_avalon_st_adapter_error_adapter_0.sv
    Info (12023): Found entity 1: audiomini_system_mm_interconnect_0_avalon_st_adapter_error_adapter_0 File: C:/Users/conno/Documents/NIH-GitHub/simulink_models/models/simple_gain/hdlsrc/simple_gain/quartus/audiomini_system/synthesis/submodules/audiomini_system_mm_interconnect_0_avalon_st_adapter_error_adapter_0.sv Line: 66
Info (12021): Found 1 design units, including 1 entities, in source file audiomini_system/synthesis/submodules/audiomini_system_mm_interconnect_0_rsp_mux.sv
    Info (12023): Found entity 1: audiomini_system_mm_interconnect_0_rsp_mux File: C:/Users/conno/Documents/NIH-GitHub/simulink_models/models/simple_gain/hdlsrc/simple_gain/quartus/audiomini_system/synthesis/submodules/audiomini_system_mm_interconnect_0_rsp_mux.sv Line: 51
Info (12021): Found 1 design units, including 1 entities, in source file audiomini_system/synthesis/submodules/audiomini_system_mm_interconnect_0_rsp_demux.sv
    Info (12023): Found entity 1: audiomini_system_mm_interconnect_0_rsp_demux File: C:/Users/conno/Documents/NIH-GitHub/simulink_models/models/simple_gain/hdlsrc/simple_gain/quartus/audiomini_system/synthesis/submodules/audiomini_system_mm_interconnect_0_rsp_demux.sv Line: 43
Info (12021): Found 1 design units, including 1 entities, in source file audiomini_system/synthesis/submodules/audiomini_system_mm_interconnect_0_cmd_mux.sv
    Info (12023): Found entity 1: audiomini_system_mm_interconnect_0_cmd_mux File: C:/Users/conno/Documents/NIH-GitHub/simulink_models/models/simple_gain/hdlsrc/simple_gain/quartus/audiomini_system/synthesis/submodules/audiomini_system_mm_interconnect_0_cmd_mux.sv Line: 51
Info (12021): Found 1 design units, including 1 entities, in source file audiomini_system/synthesis/submodules/audiomini_system_mm_interconnect_0_cmd_demux.sv
    Info (12023): Found entity 1: audiomini_system_mm_interconnect_0_cmd_demux File: C:/Users/conno/Documents/NIH-GitHub/simulink_models/models/simple_gain/hdlsrc/simple_gain/quartus/audiomini_system/synthesis/submodules/audiomini_system_mm_interconnect_0_cmd_demux.sv Line: 43
Info (12021): Found 2 design units, including 2 entities, in source file audiomini_system/synthesis/submodules/audiomini_system_mm_interconnect_0_router_002.sv
    Info (12023): Found entity 1: audiomini_system_mm_interconnect_0_router_002_default_decode File: C:/Users/conno/Documents/NIH-GitHub/simulink_models/models/simple_gain/hdlsrc/simple_gain/quartus/audiomini_system/synthesis/submodules/audiomini_system_mm_interconnect_0_router_002.sv Line: 45
    Info (12023): Found entity 2: audiomini_system_mm_interconnect_0_router_002 File: C:/Users/conno/Documents/NIH-GitHub/simulink_models/models/simple_gain/hdlsrc/simple_gain/quartus/audiomini_system/synthesis/submodules/audiomini_system_mm_interconnect_0_router_002.sv Line: 84
Info (12021): Found 2 design units, including 2 entities, in source file audiomini_system/synthesis/submodules/audiomini_system_mm_interconnect_0_router.sv
    Info (12023): Found entity 1: audiomini_system_mm_interconnect_0_router_default_decode File: C:/Users/conno/Documents/NIH-GitHub/simulink_models/models/simple_gain/hdlsrc/simple_gain/quartus/audiomini_system/synthesis/submodules/audiomini_system_mm_interconnect_0_router.sv Line: 45
    Info (12023): Found entity 2: audiomini_system_mm_interconnect_0_router File: C:/Users/conno/Documents/NIH-GitHub/simulink_models/models/simple_gain/hdlsrc/simple_gain/quartus/audiomini_system/synthesis/submodules/audiomini_system_mm_interconnect_0_router.sv Line: 84
Info (12021): Found 2 design units, including 0 entities, in source file audiomini_system/synthesis/submodules/fixed_resize_pkg.vhd
    Info (12022): Found design unit 1: fixed_resize_pkg (audiomini_system) File: C:/Users/conno/Documents/NIH-GitHub/simulink_models/models/simple_gain/hdlsrc/simple_gain/quartus/audiomini_system/synthesis/submodules/fixed_resize_pkg.vhd Line: 6
    Info (12022): Found design unit 2: fixed_resize_pkg-body File: C:/Users/conno/Documents/NIH-GitHub/simulink_models/models/simple_gain/hdlsrc/simple_gain/quartus/audiomini_system/synthesis/submodules/fixed_resize_pkg.vhd Line: 25
Info (12021): Found 2 design units, including 1 entities, in source file audiomini_system/synthesis/submodules/simple_gain_avalon_data_processing.vhd
    Info (12022): Found design unit 1: simple_gain_Avalon_Data_Processing-rtl File: C:/Users/conno/Documents/NIH-GitHub/simulink_models/models/simple_gain/hdlsrc/simple_gain/quartus/audiomini_system/synthesis/submodules/simple_gain_Avalon_Data_Processing.vhd Line: 34
    Info (12023): Found entity 1: simple_gain_Avalon_Data_Processing File: C:/Users/conno/Documents/NIH-GitHub/simulink_models/models/simple_gain/hdlsrc/simple_gain/quartus/audiomini_system/synthesis/submodules/simple_gain_Avalon_Data_Processing.vhd Line: 21
Info (12021): Found 2 design units, including 1 entities, in source file audiomini_system/synthesis/submodules/simple_gain_dataplane.vhd
    Info (12022): Found design unit 1: simple_gain_dataplane-rtl File: C:/Users/conno/Documents/NIH-GitHub/simulink_models/models/simple_gain/hdlsrc/simple_gain/quartus/audiomini_system/synthesis/submodules/simple_gain_dataplane.vhd Line: 63
    Info (12023): Found entity 1: simple_gain_dataplane File: C:/Users/conno/Documents/NIH-GitHub/simulink_models/models/simple_gain/hdlsrc/simple_gain/quartus/audiomini_system/synthesis/submodules/simple_gain_dataplane.vhd Line: 44
Info (12021): Found 2 design units, including 1 entities, in source file audiomini_system/synthesis/submodules/simple_gain_dataplane_tc.vhd
    Info (12022): Found design unit 1: simple_gain_dataplane_tc-rtl File: C:/Users/conno/Documents/NIH-GitHub/simulink_models/models/simple_gain/hdlsrc/simple_gain/quartus/audiomini_system/synthesis/submodules/simple_gain_dataplane_tc.vhd Line: 38
    Info (12023): Found entity 1: simple_gain_dataplane_tc File: C:/Users/conno/Documents/NIH-GitHub/simulink_models/models/simple_gain/hdlsrc/simple_gain/quartus/audiomini_system/synthesis/submodules/simple_gain_dataplane_tc.vhd Line: 27
Info (12021): Found 2 design units, including 1 entities, in source file audiomini_system/synthesis/submodules/simple_gain_dataplane_avalon.vhd
    Info (12022): Found design unit 1: simple_gain_dataplane_avalon-simple_gain_dataplane_avalon_arch File: C:/Users/conno/Documents/NIH-GitHub/simulink_models/models/simple_gain/hdlsrc/simple_gain/quartus/audiomini_system/synthesis/submodules/simple_gain_dataplane_avalon.vhd Line: 29
    Info (12023): Found entity 1: simple_gain_dataplane_avalon File: C:/Users/conno/Documents/NIH-GitHub/simulink_models/models/simple_gain/hdlsrc/simple_gain/quartus/audiomini_system/synthesis/submodules/simple_gain_dataplane_avalon.vhd Line: 9
Info (12021): Found 1 design units, including 1 entities, in source file audiomini_system/synthesis/submodules/audiomini_system_pll_using_ad1939_mclk.v
    Info (12023): Found entity 1: audiomini_system_pll_using_AD1939_MCLK File: C:/Users/conno/Documents/NIH-GitHub/simulink_models/models/simple_gain/hdlsrc/simple_gain/quartus/audiomini_system/synthesis/submodules/audiomini_system_pll_using_AD1939_MCLK.v Line: 2
Info (12021): Found 1 design units, including 1 entities, in source file audiomini_system/synthesis/submodules/audiomini_system_onchip_memory.v
    Info (12023): Found entity 1: audiomini_system_onchip_memory File: C:/Users/conno/Documents/NIH-GitHub/simulink_models/models/simple_gain/hdlsrc/simple_gain/quartus/audiomini_system/synthesis/submodules/audiomini_system_onchip_memory.v Line: 21
Info (12021): Found 5 design units, including 5 entities, in source file audiomini_system/synthesis/submodules/audiomini_system_jtag_uart.v
    Info (12023): Found entity 1: audiomini_system_jtag_uart_sim_scfifo_w File: C:/Users/conno/Documents/NIH-GitHub/simulink_models/models/simple_gain/hdlsrc/simple_gain/quartus/audiomini_system/synthesis/submodules/audiomini_system_jtag_uart.v Line: 21
    Info (12023): Found entity 2: audiomini_system_jtag_uart_scfifo_w File: C:/Users/conno/Documents/NIH-GitHub/simulink_models/models/simple_gain/hdlsrc/simple_gain/quartus/audiomini_system/synthesis/submodules/audiomini_system_jtag_uart.v Line: 78
    Info (12023): Found entity 3: audiomini_system_jtag_uart_sim_scfifo_r File: C:/Users/conno/Documents/NIH-GitHub/simulink_models/models/simple_gain/hdlsrc/simple_gain/quartus/audiomini_system/synthesis/submodules/audiomini_system_jtag_uart.v Line: 164
    Info (12023): Found entity 4: audiomini_system_jtag_uart_scfifo_r File: C:/Users/conno/Documents/NIH-GitHub/simulink_models/models/simple_gain/hdlsrc/simple_gain/quartus/audiomini_system/synthesis/submodules/audiomini_system_jtag_uart.v Line: 243
    Info (12023): Found entity 5: audiomini_system_jtag_uart File: C:/Users/conno/Documents/NIH-GitHub/simulink_models/models/simple_gain/hdlsrc/simple_gain/quartus/audiomini_system/synthesis/submodules/audiomini_system_jtag_uart.v Line: 331
Info (12021): Found 1 design units, including 1 entities, in source file audiomini_system/synthesis/submodules/audiomini_system_hps.v
    Info (12023): Found entity 1: audiomini_system_hps File: C:/Users/conno/Documents/NIH-GitHub/simulink_models/models/simple_gain/hdlsrc/simple_gain/quartus/audiomini_system/synthesis/submodules/audiomini_system_hps.v Line: 9
Info (12021): Found 1 design units, including 1 entities, in source file audiomini_system/synthesis/submodules/audiomini_system_hps_hps_io.v
    Info (12023): Found entity 1: audiomini_system_hps_hps_io File: C:/Users/conno/Documents/NIH-GitHub/simulink_models/models/simple_gain/hdlsrc/simple_gain/quartus/audiomini_system/synthesis/submodules/audiomini_system_hps_hps_io.v Line: 9
Info (12021): Found 1 design units, including 1 entities, in source file audiomini_system/synthesis/submodules/hps_sdram.v
    Info (12023): Found entity 1: hps_sdram File: C:/Users/conno/Documents/NIH-GitHub/simulink_models/models/simple_gain/hdlsrc/simple_gain/quartus/audiomini_system/synthesis/submodules/hps_sdram.v Line: 9
Info (12021): Found 1 design units, including 1 entities, in source file audiomini_system/synthesis/submodules/altdq_dqs2_acv_connect_to_hard_phy_cyclonev.sv
    Info (12023): Found entity 1: altdq_dqs2_acv_connect_to_hard_phy_cyclonev File: C:/Users/conno/Documents/NIH-GitHub/simulink_models/models/simple_gain/hdlsrc/simple_gain/quartus/audiomini_system/synthesis/submodules/altdq_dqs2_acv_connect_to_hard_phy_cyclonev.sv Line: 19
Info (12021): Found 1 design units, including 1 entities, in source file audiomini_system/synthesis/submodules/altera_mem_if_dll_cyclonev.sv
    Info (12023): Found entity 1: altera_mem_if_dll_cyclonev File: C:/Users/conno/Documents/NIH-GitHub/simulink_models/models/simple_gain/hdlsrc/simple_gain/quartus/audiomini_system/synthesis/submodules/altera_mem_if_dll_cyclonev.sv Line: 23
Info (12021): Found 1 design units, including 1 entities, in source file audiomini_system/synthesis/submodules/altera_mem_if_hard_memory_controller_top_cyclonev.sv
    Info (12023): Found entity 1: altera_mem_if_hard_memory_controller_top_cyclonev File: C:/Users/conno/Documents/NIH-GitHub/simulink_models/models/simple_gain/hdlsrc/simple_gain/quartus/audiomini_system/synthesis/submodules/altera_mem_if_hard_memory_controller_top_cyclonev.sv Line: 18
Info (12021): Found 1 design units, including 1 entities, in source file audiomini_system/synthesis/submodules/altera_mem_if_hhp_qseq_synth_top.v
    Info (12023): Found entity 1: altera_mem_if_hhp_qseq_synth_top File: C:/Users/conno/Documents/NIH-GitHub/simulink_models/models/simple_gain/hdlsrc/simple_gain/quartus/audiomini_system/synthesis/submodules/altera_mem_if_hhp_qseq_synth_top.v Line: 15
Info (12021): Found 1 design units, including 1 entities, in source file audiomini_system/synthesis/submodules/altera_mem_if_oct_cyclonev.sv
    Info (12023): Found entity 1: altera_mem_if_oct_cyclonev File: C:/Users/conno/Documents/NIH-GitHub/simulink_models/models/simple_gain/hdlsrc/simple_gain/quartus/audiomini_system/synthesis/submodules/altera_mem_if_oct_cyclonev.sv Line: 23
Info (12021): Found 1 design units, including 1 entities, in source file audiomini_system/synthesis/submodules/hps_sdram_p0.sv
    Info (12023): Found entity 1: hps_sdram_p0 File: C:/Users/conno/Documents/NIH-GitHub/simulink_models/models/simple_gain/hdlsrc/simple_gain/quartus/audiomini_system/synthesis/submodules/hps_sdram_p0.sv Line: 18
Info (12021): Found 1 design units, including 1 entities, in source file audiomini_system/synthesis/submodules/hps_sdram_p0_acv_hard_addr_cmd_pads.v
    Info (12023): Found entity 1: hps_sdram_p0_acv_hard_addr_cmd_pads File: C:/Users/conno/Documents/NIH-GitHub/simulink_models/models/simple_gain/hdlsrc/simple_gain/quartus/audiomini_system/synthesis/submodules/hps_sdram_p0_acv_hard_addr_cmd_pads.v Line: 17
Info (12021): Found 1 design units, including 1 entities, in source file audiomini_system/synthesis/submodules/hps_sdram_p0_acv_hard_io_pads.v
    Info (12023): Found entity 1: hps_sdram_p0_acv_hard_io_pads File: C:/Users/conno/Documents/NIH-GitHub/simulink_models/models/simple_gain/hdlsrc/simple_gain/quartus/audiomini_system/synthesis/submodules/hps_sdram_p0_acv_hard_io_pads.v Line: 17
Info (12021): Found 1 design units, including 1 entities, in source file audiomini_system/synthesis/submodules/hps_sdram_p0_acv_hard_memphy.v
    Info (12023): Found entity 1: hps_sdram_p0_acv_hard_memphy File: C:/Users/conno/Documents/NIH-GitHub/simulink_models/models/simple_gain/hdlsrc/simple_gain/quartus/audiomini_system/synthesis/submodules/hps_sdram_p0_acv_hard_memphy.v Line: 21
Info (12021): Found 1 design units, including 1 entities, in source file audiomini_system/synthesis/submodules/hps_sdram_p0_acv_ldc.v
    Info (12023): Found entity 1: hps_sdram_p0_acv_ldc File: C:/Users/conno/Documents/NIH-GitHub/simulink_models/models/simple_gain/hdlsrc/simple_gain/quartus/audiomini_system/synthesis/submodules/hps_sdram_p0_acv_ldc.v Line: 17
Info (12021): Found 1 design units, including 1 entities, in source file audiomini_system/synthesis/submodules/hps_sdram_p0_altdqdqs.v
    Info (12023): Found entity 1: hps_sdram_p0_altdqdqs File: C:/Users/conno/Documents/NIH-GitHub/simulink_models/models/simple_gain/hdlsrc/simple_gain/quartus/audiomini_system/synthesis/submodules/hps_sdram_p0_altdqdqs.v Line: 17
Info (12021): Found 1 design units, including 1 entities, in source file audiomini_system/synthesis/submodules/hps_sdram_p0_clock_pair_generator.v
    Info (12023): Found entity 1: hps_sdram_p0_clock_pair_generator File: C:/Users/conno/Documents/NIH-GitHub/simulink_models/models/simple_gain/hdlsrc/simple_gain/quartus/audiomini_system/synthesis/submodules/hps_sdram_p0_clock_pair_generator.v Line: 29
Info (12021): Found 1 design units, including 1 entities, in source file audiomini_system/synthesis/submodules/hps_sdram_p0_generic_ddio.v
    Info (12023): Found entity 1: hps_sdram_p0_generic_ddio File: C:/Users/conno/Documents/NIH-GitHub/simulink_models/models/simple_gain/hdlsrc/simple_gain/quartus/audiomini_system/synthesis/submodules/hps_sdram_p0_generic_ddio.v Line: 17
Info (12021): Found 1 design units, including 1 entities, in source file audiomini_system/synthesis/submodules/hps_sdram_p0_iss_probe.v
    Info (12023): Found entity 1: hps_sdram_p0_iss_probe File: C:/Users/conno/Documents/NIH-GitHub/simulink_models/models/simple_gain/hdlsrc/simple_gain/quartus/audiomini_system/synthesis/submodules/hps_sdram_p0_iss_probe.v Line: 17
Info (12021): Found 1 design units, including 1 entities, in source file audiomini_system/synthesis/submodules/hps_sdram_p0_phy_csr.sv
    Info (12023): Found entity 1: hps_sdram_p0_phy_csr File: C:/Users/conno/Documents/NIH-GitHub/simulink_models/models/simple_gain/hdlsrc/simple_gain/quartus/audiomini_system/synthesis/submodules/hps_sdram_p0_phy_csr.sv Line: 31
Info (12021): Found 1 design units, including 1 entities, in source file audiomini_system/synthesis/submodules/hps_sdram_p0_reset.v
    Info (12023): Found entity 1: hps_sdram_p0_reset File: C:/Users/conno/Documents/NIH-GitHub/simulink_models/models/simple_gain/hdlsrc/simple_gain/quartus/audiomini_system/synthesis/submodules/hps_sdram_p0_reset.v Line: 18
Info (12021): Found 1 design units, including 1 entities, in source file audiomini_system/synthesis/submodules/hps_sdram_p0_reset_sync.v
    Info (12023): Found entity 1: hps_sdram_p0_reset_sync File: C:/Users/conno/Documents/NIH-GitHub/simulink_models/models/simple_gain/hdlsrc/simple_gain/quartus/audiomini_system/synthesis/submodules/hps_sdram_p0_reset_sync.v Line: 17
Info (12021): Found 1 design units, including 1 entities, in source file audiomini_system/synthesis/submodules/hps_sdram_pll.sv
    Info (12023): Found entity 1: hps_sdram_pll File: C:/Users/conno/Documents/NIH-GitHub/simulink_models/models/simple_gain/hdlsrc/simple_gain/quartus/audiomini_system/synthesis/submodules/hps_sdram_pll.sv Line: 25
Info (12021): Found 1 design units, including 1 entities, in source file audiomini_system/synthesis/submodules/audiomini_system_hps_hps_io_border.sv
    Info (12023): Found entity 1: audiomini_system_hps_hps_io_border File: C:/Users/conno/Documents/NIH-GitHub/simulink_models/models/simple_gain/hdlsrc/simple_gain/quartus/audiomini_system/synthesis/submodules/audiomini_system_hps_hps_io_border.sv Line: 14
Info (12021): Found 1 design units, including 1 entities, in source file audiomini_system/synthesis/submodules/audiomini_system_hps_fpga_interfaces.sv
    Info (12023): Found entity 1: audiomini_system_hps_fpga_interfaces File: C:/Users/conno/Documents/NIH-GitHub/simulink_models/models/simple_gain/hdlsrc/simple_gain/quartus/audiomini_system/synthesis/submodules/audiomini_system_hps_fpga_interfaces.sv Line: 14
Info (12021): Found 1 design units, including 1 entities, in source file audiomini_system/synthesis/submodules/audiomini_system_systemid.v
    Info (12023): Found entity 1: audiomini_system_SystemID File: C:/Users/conno/Documents/NIH-GitHub/simulink_models/models/simple_gain/hdlsrc/simple_gain/quartus/audiomini_system/synthesis/submodules/audiomini_system_SystemID.v Line: 34
Info (12021): Found 2 design units, including 1 entities, in source file audiomini_system/synthesis/submodules/ad1939_hps_audio_mini_v1.vhd
    Info (12022): Found design unit 1: AD1939_hps_audio_mini-behavioral File: C:/Users/conno/Documents/NIH-GitHub/simulink_models/models/simple_gain/hdlsrc/simple_gain/quartus/audiomini_system/synthesis/submodules/AD1939_hps_audio_mini_v1.vhd Line: 76
    Info (12023): Found entity 1: AD1939_hps_audio_mini File: C:/Users/conno/Documents/NIH-GitHub/simulink_models/models/simple_gain/hdlsrc/simple_gain/quartus/audiomini_system/synthesis/submodules/AD1939_hps_audio_mini_v1.vhd Line: 37
Info (12021): Found 2 design units, including 1 entities, in source file audiomini_system/synthesis/submodules/parallel2serial_32bits.vhd
    Info (12022): Found design unit 1: parallel2serial_32bits-SYN File: C:/Users/conno/Documents/NIH-GitHub/simulink_models/models/simple_gain/hdlsrc/simple_gain/quartus/audiomini_system/synthesis/submodules/Parallel2Serial_32bits.vhd Line: 54
    Info (12023): Found entity 1: Parallel2Serial_32bits File: C:/Users/conno/Documents/NIH-GitHub/simulink_models/models/simple_gain/hdlsrc/simple_gain/quartus/audiomini_system/synthesis/submodules/Parallel2Serial_32bits.vhd Line: 43
Info (12021): Found 2 design units, including 1 entities, in source file audiomini_system/synthesis/submodules/serial2parallel_32bits.vhd
    Info (12022): Found design unit 1: serial2parallel_32bits-SYN File: C:/Users/conno/Documents/NIH-GitHub/simulink_models/models/simple_gain/hdlsrc/simple_gain/quartus/audiomini_system/synthesis/submodules/Serial2Parallel_32bits.vhd Line: 52
    Info (12023): Found entity 1: Serial2Parallel_32bits File: C:/Users/conno/Documents/NIH-GitHub/simulink_models/models/simple_gain/hdlsrc/simple_gain/quartus/audiomini_system/synthesis/submodules/Serial2Parallel_32bits.vhd Line: 42
Error (10481): VHDL Use Clause error at simple_gain_dataplane_avalon.vhd(7): design library "work" does not contain primary unit "simple_gain_dataplane_pkg". Verify that the primary unit exists in the library and has been successfully compiled. File: C:/Users/conno/Documents/NIH-GitHub/simulink_models/models/simple_gain/hdlsrc/simple_gain/quartus/audiomini_system/synthesis/submodules/simple_gain_dataplane_avalon.vhd Line: 7
Error (10800): VHDL error at simple_gain_dataplane_avalon.vhd(7): selected name in use clause is not an expanded name File: C:/Users/conno/Documents/NIH-GitHub/simulink_models/models/simple_gain/hdlsrc/simple_gain/quartus/audiomini_system/synthesis/submodules/simple_gain_dataplane_avalon.vhd Line: 7
Warning (10236): Verilog HDL Implicit Net warning at hps_sdram_pll.sv(168): created implicit net for "pll_dr_clk" File: C:/Users/conno/Documents/NIH-GitHub/simulink_models/models/simple_gain/hdlsrc/simple_gain/quartus/audiomini_system/synthesis/submodules/hps_sdram_pll.sv Line: 168
Info (144001): Generated suppressed messages file C:/Users/conno/Documents/NIH-GitHub/simulink_models/models/simple_gain/hdlsrc/simple_gain/quartus/output_files/simple_gain_audiomini.map.smsg
Error: Quartus Prime Analysis & Synthesis was unsuccessful. 2 errors, 2 warnings
    Error: Peak virtual memory: 4876 megabytes
    Error: Processing ended: Wed Oct 14 16:44:05 2020
    Error: Elapsed time: 00:03:15
    Error: Total CPU time (on all processors): 00:03:30


+------------------------------------------+
; Analysis & Synthesis Suppressed Messages ;
+------------------------------------------+
The suppressed messages can be found in C:/Users/conno/Documents/NIH-GitHub/simulink_models/models/simple_gain/hdlsrc/simple_gain/quartus/output_files/simple_gain_audiomini.map.smsg.


