### File Name: hdl_prj\fil_prj\IHC_NL_Logarithmic_Function_Singles_fil.log
### Created: 15-Apr-2020 13:50:35
### Generated by MATLAB 9.7 

### FPGA-in-the-Loop Summary
###    Board: ReFlex Arria 10 SoC SoM
###    DUT frequency: 50.0000MHz

### Generating Quartus II project and running HDL compilation ...
###    Project:
###       C:\Users\t96f346\Documents\MATLAB\AN_IHC_NL_Logarithmic_Function\hdl_prj\fil_prj\fpgaproj\IHC_NL_Logarithmic_Function_Singles_fil.qpf
###    Target Device:
###       Arria 10 10AS066H1F34E1SG
###    Property Settings:
###       CYCLONEII_OPTIMIZATION_TECHNIQUE = SPEED
###    User design files:
###       C:\Users\t96f346\Documents\MATLAB\AN_IHC_NL_Logarithmic_Function\hdl_prj\hdlsrc\IHC_NL_Logarithmic_Function\IHC_NL_Logarithmic_Function_Singles_pkg.vhd
###       C:\Users\t96f346\Documents\MATLAB\AN_IHC_NL_Logarithmic_Function\hdl_prj\hdlsrc\IHC_NL_Logarithmic_Function\nfp_uminus_single.vhd
###       C:\Users\t96f346\Documents\MATLAB\AN_IHC_NL_Logarithmic_Function\hdl_prj\hdlsrc\IHC_NL_Logarithmic_Function\nfp_add_single.vhd
###       C:\Users\t96f346\Documents\MATLAB\AN_IHC_NL_Logarithmic_Function\hdl_prj\hdlsrc\IHC_NL_Logarithmic_Function\nfp_div_single.vhd
###       C:\Users\t96f346\Documents\MATLAB\AN_IHC_NL_Logarithmic_Function\hdl_prj\hdlsrc\IHC_NL_Logarithmic_Function\nfp_log10_single.vhd
###       C:\Users\t96f346\Documents\MATLAB\AN_IHC_NL_Logarithmic_Function\hdl_prj\hdlsrc\IHC_NL_Logarithmic_Function\nfp_exp_single.vhd
###       C:\Users\t96f346\Documents\MATLAB\AN_IHC_NL_Logarithmic_Function\hdl_prj\hdlsrc\IHC_NL_Logarithmic_Function\nfp_mul_single.vhd
###       C:\Users\t96f346\Documents\MATLAB\AN_IHC_NL_Logarithmic_Function\hdl_prj\hdlsrc\IHC_NL_Logarithmic_Function\nfp_sub_single.vhd
###       C:\Users\t96f346\Documents\MATLAB\AN_IHC_NL_Logarithmic_Function\hdl_prj\hdlsrc\IHC_NL_Logarithmic_Function\Subsystem.vhd
###       C:\Users\t96f346\Documents\MATLAB\AN_IHC_NL_Logarithmic_Function\hdl_prj\hdlsrc\IHC_NL_Logarithmic_Function\nfp_abs_single.vhd
###       C:\Users\t96f346\Documents\MATLAB\AN_IHC_NL_Logarithmic_Function\hdl_prj\hdlsrc\IHC_NL_Logarithmic_Function\nfp_relop_single.vhd
###       C:\Users\t96f346\Documents\MATLAB\AN_IHC_NL_Logarithmic_Function\hdl_prj\hdlsrc\IHC_NL_Logarithmic_Function\nfp_log_single.vhd
###       C:\Users\t96f346\Documents\MATLAB\AN_IHC_NL_Logarithmic_Function\hdl_prj\hdlsrc\IHC_NL_Logarithmic_Function\IHC_NL_Logarithmic_Function_Singles.vhd
###    Generated files:
###       C:\Users\t96f346\Documents\MATLAB\AN_IHC_NL_Logarithmic_Function\hdl_prj\fil_prj\filsrc\MWClkMgr.vhd
###       C:\Users\t96f346\Documents\MATLAB\AN_IHC_NL_Logarithmic_Function\hdl_prj\fil_prj\filsrc\MWAJTAG.vhd
###       C:\Users\t96f346\Documents\MATLAB\AN_IHC_NL_Logarithmic_Function\hdl_prj\fil_prj\filsrc\MWDPRAM.vhd
###       C:\Users\t96f346\Documents\MATLAB\AN_IHC_NL_Logarithmic_Function\hdl_prj\fil_prj\filsrc\FILUDPCRC.vhd
###       C:\Users\t96f346\Documents\MATLAB\AN_IHC_NL_Logarithmic_Function\hdl_prj\fil_prj\filsrc\FILPktMUX.vhd
###       C:\Users\t96f346\Documents\MATLAB\AN_IHC_NL_Logarithmic_Function\hdl_prj\fil_prj\filsrc\FILCmdProc.vhd
###       C:\Users\t96f346\Documents\MATLAB\AN_IHC_NL_Logarithmic_Function\hdl_prj\fil_prj\filsrc\MWAsyncFIFO.vhd
###       C:\Users\t96f346\Documents\MATLAB\AN_IHC_NL_Logarithmic_Function\hdl_prj\fil_prj\filsrc\FILDataProc.vhd
###       C:\Users\t96f346\Documents\MATLAB\AN_IHC_NL_Logarithmic_Function\hdl_prj\fil_prj\filsrc\MWPKTBuffer.vhd
###       C:\Users\t96f346\Documents\MATLAB\AN_IHC_NL_Logarithmic_Function\hdl_prj\fil_prj\filsrc\MWUDPPKTBuilder.vhd
###       C:\Users\t96f346\Documents\MATLAB\AN_IHC_NL_Logarithmic_Function\hdl_prj\fil_prj\filsrc\FILPktProc.vhd
###       C:\Users\t96f346\Documents\MATLAB\AN_IHC_NL_Logarithmic_Function\hdl_prj\fil_prj\filsrc\FILCommLayer.vhd
###       C:\Users\t96f346\Documents\MATLAB\AN_IHC_NL_Logarithmic_Function\hdl_prj\fil_prj\filsrc\mwfil_dpscram.vhd
###       C:\Users\t96f346\Documents\MATLAB\AN_IHC_NL_Logarithmic_Function\hdl_prj\fil_prj\filsrc\mwfil_udfifo.vhd
###       C:\Users\t96f346\Documents\MATLAB\AN_IHC_NL_Logarithmic_Function\hdl_prj\fil_prj\filsrc\mwfil_bus2dut.vhd
###       C:\Users\t96f346\Documents\MATLAB\AN_IHC_NL_Logarithmic_Function\hdl_prj\fil_prj\filsrc\mwfil_chifcore.vhd
###       C:\Users\t96f346\Documents\MATLAB\AN_IHC_NL_Logarithmic_Function\hdl_prj\fil_prj\filsrc\mwfil_controller.vhd
###       C:\Users\t96f346\Documents\MATLAB\AN_IHC_NL_Logarithmic_Function\hdl_prj\fil_prj\filsrc\mwfil_dut2bus.vhd
###       C:\Users\t96f346\Documents\MATLAB\AN_IHC_NL_Logarithmic_Function\hdl_prj\fil_prj\filsrc\IHC_NL_Logarithmic_Function_Singles_wrapper.vhd
###       C:\Users\t96f346\Documents\MATLAB\AN_IHC_NL_Logarithmic_Function\hdl_prj\fil_prj\filsrc\mwfil_chiftop.vhd
###       C:\Users\t96f346\Documents\MATLAB\AN_IHC_NL_Logarithmic_Function\hdl_prj\fil_prj\filsrc\FILCore.vhd
###       C:\Users\t96f346\Documents\MATLAB\AN_IHC_NL_Logarithmic_Function\hdl_prj\fil_prj\filsrc\IHC_NL_Logarithmic_Function_Singles_fil.vhd
###       C:\Users\t96f346\Documents\MATLAB\AN_IHC_NL_Logarithmic_Function\hdl_prj\fil_prj\filsrc\IHC_NL_Logarithmic_Function_Singles_fil.qsf
###       C:\Users\t96f346\Documents\MATLAB\AN_IHC_NL_Logarithmic_Function\hdl_prj\fil_prj\filsrc\IHC_NL_Logarithmic_Function_Singles_fil.sdc
### 
### Running HDL compilation ...

### HDL compilation completed.

### Running programming file generation outside MATLAB.
### Check external shell for programming file generation progress.
### Programming file location (when process is completed):
###    C:\Users\t96f346\Documents\MATLAB\AN_IHC_NL_Logarithmic_Function\hdl_prj\fil_prj\IHC_NL_Logarithmic_Function_Singles_fil.sof

